-encoding
UTF-8
-outxml
-source
1.6
-target
1.6
-classpath
C:\Users\lenovo648567\.m2\repository\junit\junit\4.11\junit-4.11.jar;C:\Users\lenovo648567\.m2\repository\log4j\log4j\1.2.17\log4j-1.2.17.jar;C:\Users\lenovo648567\.m2\repository\org\slf4j\slf4j-api\1.7.5\slf4j-api-1.7.5.jar;C:\Users\lenovo648567\.m2\repository\org\slf4j\jcl-over-slf4j\1.7.5\jcl-over-slf4j-1.7.5.jar;C:\Users\lenovo648567\.m2\repository\org\slf4j\slf4j-log4j12\1.7.5\slf4j-log4j12-1.7.5.jar;C:\Users\lenovo648567\.m2\repository\org\aspectj\aspectjrt\1.8.1\aspectjrt-1.8.1.jar;C:\Users\lenovo648567\.m2\repository\org\aspectj\aspectjweaver\1.8.1\aspectjweaver-1.8.1.jar;C:\Users\lenovo648567\.m2\repository\javax\servlet\servlet-api\2.5\servlet-api-2.5.jar;C:\Users\lenovo648567\.m2\repository\net\sf\flexjson\flexjson\2.1\flexjson-2.1.jar;C:\Users\lenovo648567\.m2\repository\org\apache\commons\commons-lang3\3.1\commons-lang3-3.1.jar;C:\Users\lenovo648567\.m2\repository\org\springframework\roo\org.springframework.roo.annotations\2.0.0.M1\org.springframework.roo.annotations-2.0.0.M1.pom;C:\Users\lenovo648567\.m2\repository\org\springframework\spring-core\3.2.8.RELEASE\spring-core-3.2.8.RELEASE.jar;C:\Users\lenovo648567\.m2\repository\org\springframework\spring-test\3.2.8.RELEASE\spring-test-3.2.8.RELEASE.jar;C:\Users\lenovo648567\.m2\repository\org\springframework\spring-context\3.2.8.RELEASE\spring-context-3.2.8.RELEASE.jar;C:\Users\lenovo648567\.m2\repository\org\springframework\spring-aop\3.2.8.RELEASE\spring-aop-3.2.8.RELEASE.jar;C:\Users\lenovo648567\.m2\repository\org\springframework\spring-aspects\3.2.8.RELEASE\spring-aspects-3.2.8.RELEASE.jar;C:\Users\lenovo648567\.m2\repository\mysql\mysql-connector-java\5.1.18\mysql-connector-java-5.1.18.jar;C:\Users\lenovo648567\.m2\repository\org\apache\openjpa\openjpa\2.2.2\openjpa-2.2.2.jar;C:\Users\lenovo648567\.m2\repository\org\hibernate\hibernate-validator\4.3.2.Final\hibernate-validator-4.3.2.Final.jar;C:\Users\lenovo648567\.m2\repository\javax\validation\validation-api\1.0.0.GA\validation-api-1.0.0.GA.jar;C:\Users\lenovo648567\.m2\repository\javax\transaction\jta\1.1\jta-1.1.jar;C:\Users\lenovo648567\.m2\repository\org\springframework\spring-jdbc\3.2.8.RELEASE\spring-jdbc-3.2.8.RELEASE.jar;C:\Users\lenovo648567\.m2\repository\org\springframework\spring-orm\3.2.8.RELEASE\spring-orm-3.2.8.RELEASE.jar;C:\Users\lenovo648567\.m2\repository\commons-pool\commons-pool\1.5.6\commons-pool-1.5.6.jar;C:\Users\lenovo648567\.m2\repository\commons-dbcp\commons-dbcp\1.4\commons-dbcp-1.4.jar;C:\Users\lenovo648567\.m2\repository\org\springframework\spring-webmvc\3.2.8.RELEASE\spring-webmvc-3.2.8.RELEASE.jar;C:\Users\lenovo648567\.m2\repository\org\springframework\webflow\spring-js-resources\2.2.1.RELEASE\spring-js-resources-2.2.1.RELEASE.jar;C:\Users\lenovo648567\.m2\repository\commons-digester\commons-digester\2.1\commons-digester-2.1.jar;C:\Users\lenovo648567\.m2\repository\commons-fileupload\commons-fileupload\1.2.2\commons-fileupload-1.2.2.jar;C:\Users\lenovo648567\.m2\repository\javax\servlet\jsp\jstl\jstl-api\1.2\jstl-api-1.2.jar;C:\Users\lenovo648567\.m2\repository\org\glassfish\web\jstl-impl\1.2\jstl-impl-1.2.jar;C:\Users\lenovo648567\.m2\repository\javax\el\el-api\2.2\el-api-2.2.jar;C:\Users\lenovo648567\.m2\repository\joda-time\joda-time\1.6\joda-time-1.6.jar;C:\Users\lenovo648567\.m2\repository\javax\servlet\jsp\jsp-api\2.1\jsp-api-2.1.jar;C:\Users\lenovo648567\.m2\repository\commons-codec\commons-codec\1.5\commons-codec-1.5.jar;C:\Users\lenovo648567\.m2\repository\org\apache\tiles\tiles-jsp\2.2.2\tiles-jsp-2.2.2.jar;C:\Users\lenovo648567\.m2\repository\org\springframework\roo\org.springframework.roo.addon.configurable.annotations\2.0.0.M1\org.springframework.roo.addon.configurable.annotations-2.0.0.M1.jar;C:\Users\lenovo648567\.m2\repository\org\osgi\org.osgi.core\5.0.0\org.osgi.core-5.0.0.jar;C:\Users\lenovo648567\.m2\repository\org\osgi\org.osgi.compendium\5.0.0\org.osgi.compendium-5.0.0.jar;C:\Users\lenovo648567\.m2\repository\org\apache\felix\org.apache.felix.scr.annotations\1.9.10\org.apache.felix.scr.annotations-1.9.10.jar;C:\Users\lenovo648567\.m2\repository\org\springframework\roo\org.springframework.roo.classpath\2.0.0.M1\org.springframework.roo.classpath-2.0.0.M1.jar;C:\Users\lenovo648567\.m2\repository\org\springframework\roo\org.springframework.roo.file.monitor\2.0.0.M1\org.springframework.roo.file.monitor-2.0.0.M1.jar;C:\Users\lenovo648567\.m2\repository\org\springframework\roo\org.springframework.roo.file.undo\2.0.0.M1\org.springframework.roo.file.undo-2.0.0.M1.jar;C:\Users\lenovo648567\.m2\repository\org\springframework\roo\org.springframework.roo.metadata\2.0.0.M1\org.springframework.roo.metadata-2.0.0.M1.jar;C:\Users\lenovo648567\.m2\repository\org\springframework\roo\org.springframework.roo.model\2.0.0.M1\org.springframework.roo.model-2.0.0.M1.jar;C:\Users\lenovo648567\.m2\repository\org\springframework\roo\org.springframework.roo.process.manager\2.0.0.M1\org.springframework.roo.process.manager-2.0.0.M1.jar;C:\Users\lenovo648567\.m2\repository\org\springframework\roo\org.springframework.roo.shell.osgi\2.0.0.M1\org.springframework.roo.shell.osgi-2.0.0.M1.jar;C:\Users\lenovo648567\.m2\repository\org\springframework\roo\org.springframework.roo.project\2.0.0.M1\org.springframework.roo.project-2.0.0.M1.jar;C:\Users\lenovo648567\.m2\repository\org\apache\felix\org.apache.felix.framework\4.6.1\org.apache.felix.framework-4.6.1.jar;C:\Users\lenovo648567\.m2\repository\org\springframework\roo\org.springframework.roo.shell\2.0.0.M1\org.springframework.roo.shell-2.0.0.M1.jar;C:\Users\lenovo648567\.m2\repository\org\springframework\roo\org.springframework.roo.support\2.0.0.M1\org.springframework.roo.support-2.0.0.M1.jar;C:\Users\lenovo648567\.m2\repository\org\springframework\roo\org.springframework.roo.addon.dbre.annotations\2.0.0.M1\org.springframework.roo.addon.dbre.annotations-2.0.0.M1.jar;C:\Users\lenovo648567\.m2\repository\org\springframework\roo\org.springframework.roo.addon.jdbc\2.0.0.M1\org.springframework.roo.addon.jdbc-2.0.0.M1.jar;C:\Users\lenovo648567\.m2\repository\org\springframework\roo\org.springframework.roo.addon.jpa.addon\2.0.0.M1\org.springframework.roo.addon.jpa.addon-2.0.0.M1.jar;C:\Users\lenovo648567\.m2\repository\org\springframework\roo\org.springframework.roo.addon.layers.repository.jpa.addon\2.0.0.M1\org.springframework.roo.addon.layers.repository.jpa.addon-2.0.0.M1.jar;C:\Users\lenovo648567\.m2\repository\org\springframework\roo\org.springframework.roo.addon.layers.service.addon\2.0.0.M1\org.springframework.roo.addon.layers.service.addon-2.0.0.M1.jar;C:\Users\lenovo648567\.m2\repository\org\springframework\roo\org.springframework.roo.addon.test.addon\2.0.0.M1\org.springframework.roo.addon.test.addon-2.0.0.M1.jar;C:\Users\lenovo648567\.m2\repository\org\springframework\roo\org.springframework.roo.addon.plural.addon\2.0.0.M1\org.springframework.roo.addon.plural.addon-2.0.0.M1.jar;C:\Users\lenovo648567\.m2\repository\org\springframework\roo\org.springframework.roo.addon.configurable.addon\2.0.0.M1\org.springframework.roo.addon.configurable.addon-2.0.0.M1.jar;C:\Users\lenovo648567\.m2\repository\org\springframework\roo\org.springframework.roo.addon.propfiles\2.0.0.M1\org.springframework.roo.addon.propfiles-2.0.0.M1.jar;C:\Users\lenovo648567\.m2\repository\org\springframework\roo\wrapping\org.springframework.roo.wrapping.inflector\0.7.0.0010\org.springframework.roo.wrapping.inflector-0.7.0.0010.jar;C:\Users\lenovo648567\.m2\repository\org\springframework\roo\org.springframework.roo.addon.dod.annotations\2.0.0.M1\org.springframework.roo.addon.dod.annotations-2.0.0.M1.jar;C:\Users\lenovo648567\.m2\repository\org\springframework\roo\org.springframework.roo.addon.javabean.annotations\2.0.0.M1\org.springframework.roo.addon.javabean.annotations-2.0.0.M1.jar;C:\Users\lenovo648567\.m2\repository\org\springframework\roo\org.springframework.roo.addon.jpa.annotations\2.0.0.M1\org.springframework.roo.addon.jpa.annotations-2.0.0.M1.jar;C:\Users\lenovo648567\.m2\repository\org\springframework\roo\org.springframework.roo.addon.javabean.addon\2.0.0.M1\org.springframework.roo.addon.javabean.addon-2.0.0.M1.jar;C:\Users\lenovo648567\.m2\repository\org\springframework\roo\org.springframework.roo.addon.json.annotations\2.0.0.M1\org.springframework.roo.addon.json.annotations-2.0.0.M1.jar;C:\Users\lenovo648567\.m2\repository\org\springframework\roo\org.springframework.roo.bootstrap\2.0.0.M1\org.springframework.roo.bootstrap-2.0.0.M1.jar;C:\Users\lenovo648567\.m2\repository\org\apache\felix\org.apache.felix.scr\1.8.2\org.apache.felix.scr-1.8.2.jar;C:\Users\lenovo648567\.m2\repository\org\springframework\roo\org.springframework.roo.addon.layers.repository.jpa.annotations\2.0.0.M1\org.springframework.roo.addon.layers.repository.jpa.annotations-2.0.0.M1.jar;C:\Users\lenovo648567\.m2\repository\org\springframework\roo\org.springframework.roo.addon.layers.service.annotations\2.0.0.M1\org.springframework.roo.addon.layers.service.annotations-2.0.0.M1.jar;C:\Users\lenovo648567\.m2\repository\org\springframework\roo\org.springframework.roo.addon.security.addon\2.0.0.M1\org.springframework.roo.addon.security.addon-2.0.0.M1.jar;C:\Users\lenovo648567\.m2\repository\org\springframework\roo\wrapping\org.springframework.roo.wrapping.hapax\2.3.4.0010\org.springframework.roo.wrapping.hapax-2.3.4.0010.jar;C:\Users\lenovo648567\.m2\repository\org\springframework\roo\org.springframework.roo.addon.plural.annotations\2.0.0.M1\org.springframework.roo.addon.plural.annotations-2.0.0.M1.jar;C:\Users\lenovo648567\.m2\repository\org\springframework\roo\org.springframework.roo.addon.security.annotations\2.0.0.M1\org.springframework.roo.addon.security.annotations-2.0.0.M1.jar;C:\Users\lenovo648567\.m2\repository\org\springframework\roo\org.springframework.roo.addon.web.mvc.controller.addon\2.0.0.M1\org.springframework.roo.addon.web.mvc.controller.addon-2.0.0.M1.jar;C:\Users\lenovo648567\.m2\repository\org\springframework\roo\org.springframework.roo.addon.web.mvc.jsp\2.0.0.M1\org.springframework.roo.addon.web.mvc.jsp-2.0.0.M1.jar;C:\Users\lenovo648567\.m2\repository\org\springframework\roo\org.springframework.roo.addon.backup\2.0.0.M1\org.springframework.roo.addon.backup-2.0.0.M1.jar;C:\Users\lenovo648567\.m2\repository\org\springframework\roo\org.springframework.roo.addon.test.annotations\2.0.0.M1\org.springframework.roo.addon.test.annotations-2.0.0.M1.jar;C:\Users\lenovo648567\.m2\repository\org\springframework\roo\org.springframework.roo.addon.dod.addon\2.0.0.M1\org.springframework.roo.addon.dod.addon-2.0.0.M1.jar;C:\Users\lenovo648567\.m2\repository\org\springframework\roo\org.springframework.roo.addon.web.mvc.controller.annotations\2.0.0.M1\org.springframework.roo.addon.web.mvc.controller.annotations-2.0.0.M1.jar;C:\Users\lenovo648567\.m2\repository\org\springframework\roo\org.springframework.roo.addon.finder\2.0.0.M1\org.springframework.roo.addon.finder-2.0.0.M1.jar;C:\Users\lenovo648567\.m2\repository\org\springframework\roo\org.springframework.roo.addon.json.addon\2.0.0.M1\org.springframework.roo.addon.json.addon-2.0.0.M1.jar;C:\Users\lenovo648567\.m2\repository\commons-io\commons-io\2.4\commons-io-2.4.jar;C:\Users\lenovo648567\.m2\repository\org\springframework\spring-beans\3.2.8.RELEASE\spring-beans-3.2.8.RELEASE.jar;C:\Users\lenovo648567\.m2\repository\org\springframework\spring-expression\3.2.8.RELEASE\spring-expression-3.2.8.RELEASE.jar;C:\Users\lenovo648567\.m2\repository\aopalliance\aopalliance\1.0\aopalliance-1.0.jar;C:\Users\lenovo648567\.m2\repository\commons-lang\commons-lang\2.4\commons-lang-2.4.jar;C:\Users\lenovo648567\.m2\repository\commons-collections\commons-collections\3.2.1\commons-collections-3.2.1.jar;C:\Users\lenovo648567\.m2\repository\net\sourceforge\serp\serp\1.14.1\serp-1.14.1.jar;C:\Users\lenovo648567\.m2\repository\org\apache\geronimo\specs\geronimo-jta_1.1_spec\1.1.1\geronimo-jta_1.1_spec-1.1.1.jar;C:\Users\lenovo648567\.m2\repository\asm\asm\3.2\asm-3.2.jar;C:\Users\lenovo648567\.m2\repository\javax\xml\stream\stax-api\1.0-2\stax-api-1.0-2.jar;C:\Users\lenovo648567\.m2\repository\org\apache\geronimo\specs\geronimo-jpa_2.0_spec\1.1\geronimo-jpa_2.0_spec-1.1.jar;C:\Users\lenovo648567\.m2\repository\org\jboss\logging\jboss-logging\3.1.0.CR2\jboss-logging-3.1.0.CR2.jar;C:\Users\lenovo648567\.m2\repository\org\springframework\spring-tx\3.2.8.RELEASE\spring-tx-3.2.8.RELEASE.jar;C:\Users\lenovo648567\.m2\repository\org\springframework\spring-web\3.2.8.RELEASE\spring-web-3.2.8.RELEASE.jar;C:\Users\lenovo648567\.m2\repository\commons-beanutils\commons-beanutils\1.8.3\commons-beanutils-1.8.3.jar;C:\Users\lenovo648567\.m2\repository\org\apache\tiles\tiles-servlet\2.2.2\tiles-servlet-2.2.2.jar;C:\Users\lenovo648567\.m2\repository\org\apache\tiles\tiles-core\2.2.2\tiles-core-2.2.2.jar;C:\Users\lenovo648567\.m2\repository\org\apache\tiles\tiles-template\2.2.2\tiles-template-2.2.2.jar;C:\Users\lenovo648567\.m2\repository\org\apache\tiles\tiles-api\2.2.2\tiles-api-2.2.2.jar;C:\M4\code\boardgame-webmaster\target\classes
-aspectpath
C:\Users\lenovo648567\.m2\repository\org\springframework\spring-aspects\3.2.8.RELEASE\spring-aspects-3.2.8.RELEASE.jar
-d
C:\M4\code\boardgame-webmaster\target\classes
C:\M4\code\boardgame-webmaster\src\main\java\org\m4\bgw\Boardgame.java
C:\M4\code\boardgame-webmaster\src\main\java\org\m4\bgw\Boardgame_Roo_Configurable.aj
C:\M4\code\boardgame-webmaster\src\main\java\org\m4\bgw\Boardgame_Roo_DbManaged.aj
C:\M4\code\boardgame-webmaster\src\main\java\org\m4\bgw\Boardgame_Roo_Jpa_ActiveRecord.aj
C:\M4\code\boardgame-webmaster\src\main\java\org\m4\bgw\Boardgame_Roo_Jpa_Entity.aj
C:\M4\code\boardgame-webmaster\src\main\java\org\m4\bgw\Boardgame_Roo_ToString.aj
C:\M4\code\boardgame-webmaster\src\main\java\org\m4\bgw\Country.java
C:\M4\code\boardgame-webmaster\src\main\java\org\m4\bgw\Country_Roo_Configurable.aj
C:\M4\code\boardgame-webmaster\src\main\java\org\m4\bgw\Country_Roo_DbManaged.aj
C:\M4\code\boardgame-webmaster\src\main\java\org\m4\bgw\Country_Roo_Jpa_ActiveRecord.aj
C:\M4\code\boardgame-webmaster\src\main\java\org\m4\bgw\Country_Roo_Jpa_Entity.aj
C:\M4\code\boardgame-webmaster\src\main\java\org\m4\bgw\Country_Roo_ToString.aj
C:\M4\code\boardgame-webmaster\src\main\java\org\m4\bgw\domain\Achieved.java
C:\M4\code\boardgame-webmaster\src\main\java\org\m4\bgw\domain\AchievedPK.java
C:\M4\code\boardgame-webmaster\src\main\java\org\m4\bgw\domain\AchievedPK_Roo_Configurable.aj
C:\M4\code\boardgame-webmaster\src\main\java\org\m4\bgw\domain\AchievedPK_Roo_Identifier.aj
C:\M4\code\boardgame-webmaster\src\main\java\org\m4\bgw\domain\AchievedPK_Roo_Json.aj
C:\M4\code\boardgame-webmaster\src\main\java\org\m4\bgw\domain\AchievedPK_Roo_Serializable.aj
C:\M4\code\boardgame-webmaster\src\main\java\org\m4\bgw\domain\Achieved_Roo_Configurable.aj
C:\M4\code\boardgame-webmaster\src\main\java\org\m4\bgw\domain\Achieved_Roo_DbManaged.aj
C:\M4\code\boardgame-webmaster\src\main\java\org\m4\bgw\domain\Achieved_Roo_Equals.aj
C:\M4\code\boardgame-webmaster\src\main\java\org\m4\bgw\domain\Achieved_Roo_Jpa_ActiveRecord.aj
C:\M4\code\boardgame-webmaster\src\main\java\org\m4\bgw\domain\Achieved_Roo_Jpa_Entity.aj
C:\M4\code\boardgame-webmaster\src\main\java\org\m4\bgw\domain\Achieved_Roo_ToString.aj
C:\M4\code\boardgame-webmaster\src\main\java\org\m4\bgw\domain\Achievement.java
C:\M4\code\boardgame-webmaster\src\main\java\org\m4\bgw\domain\AchievementTranslation.java
C:\M4\code\boardgame-webmaster\src\main\java\org\m4\bgw\domain\AchievementTranslationPK.java
C:\M4\code\boardgame-webmaster\src\main\java\org\m4\bgw\domain\AchievementTranslationPK_Roo_Configurable.aj
C:\M4\code\boardgame-webmaster\src\main\java\org\m4\bgw\domain\AchievementTranslationPK_Roo_Identifier.aj
C:\M4\code\boardgame-webmaster\src\main\java\org\m4\bgw\domain\AchievementTranslationPK_Roo_Json.aj
C:\M4\code\boardgame-webmaster\src\main\java\org\m4\bgw\domain\AchievementTranslationPK_Roo_Serializable.aj
C:\M4\code\boardgame-webmaster\src\main\java\org\m4\bgw\domain\AchievementTranslation_Roo_Configurable.aj
C:\M4\code\boardgame-webmaster\src\main\java\org\m4\bgw\domain\AchievementTranslation_Roo_DbManaged.aj
C:\M4\code\boardgame-webmaster\src\main\java\org\m4\bgw\domain\AchievementTranslation_Roo_Jpa_ActiveRecord.aj
C:\M4\code\boardgame-webmaster\src\main\java\org\m4\bgw\domain\AchievementTranslation_Roo_Jpa_Entity.aj
C:\M4\code\boardgame-webmaster\src\main\java\org\m4\bgw\domain\AchievementTranslation_Roo_ToString.aj
C:\M4\code\boardgame-webmaster\src\main\java\org\m4\bgw\domain\Achievement_Roo_Configurable.aj
C:\M4\code\boardgame-webmaster\src\main\java\org\m4\bgw\domain\Achievement_Roo_DbManaged.aj
C:\M4\code\boardgame-webmaster\src\main\java\org\m4\bgw\domain\Achievement_Roo_Jpa_ActiveRecord.aj
C:\M4\code\boardgame-webmaster\src\main\java\org\m4\bgw\domain\Achievement_Roo_Jpa_Entity.aj
C:\M4\code\boardgame-webmaster\src\main\java\org\m4\bgw\domain\Achievement_Roo_ToString.aj
C:\M4\code\boardgame-webmaster\src\main\java\org\m4\bgw\domain\AvgGameLength.java
C:\M4\code\boardgame-webmaster\src\main\java\org\m4\bgw\domain\AvgGameLengthPK.java
C:\M4\code\boardgame-webmaster\src\main\java\org\m4\bgw\domain\AvgGameLengthPK_Roo_Configurable.aj
C:\M4\code\boardgame-webmaster\src\main\java\org\m4\bgw\domain\AvgGameLengthPK_Roo_Identifier.aj
C:\M4\code\boardgame-webmaster\src\main\java\org\m4\bgw\domain\AvgGameLengthPK_Roo_Json.aj
C:\M4\code\boardgame-webmaster\src\main\java\org\m4\bgw\domain\AvgGameLengthPK_Roo_Serializable.aj
C:\M4\code\boardgame-webmaster\src\main\java\org\m4\bgw\domain\AvgGameLength_Roo_Configurable.aj
C:\M4\code\boardgame-webmaster\src\main\java\org\m4\bgw\domain\AvgGameLength_Roo_DbManaged.aj
C:\M4\code\boardgame-webmaster\src\main\java\org\m4\bgw\domain\AvgGameLength_Roo_Jpa_ActiveRecord.aj
C:\M4\code\boardgame-webmaster\src\main\java\org\m4\bgw\domain\AvgGameLength_Roo_Jpa_Entity.aj
C:\M4\code\boardgame-webmaster\src\main\java\org\m4\bgw\domain\AvgGameLength_Roo_ToString.aj
C:\M4\code\boardgame-webmaster\src\main\java\org\m4\bgw\domain\ExternalLink.java
C:\M4\code\boardgame-webmaster\src\main\java\org\m4\bgw\domain\ExternalLink_Roo_Configurable.aj
C:\M4\code\boardgame-webmaster\src\main\java\org\m4\bgw\domain\ExternalLink_Roo_DbManaged.aj
C:\M4\code\boardgame-webmaster\src\main\java\org\m4\bgw\domain\ExternalLink_Roo_Jpa_ActiveRecord.aj
C:\M4\code\boardgame-webmaster\src\main\java\org\m4\bgw\domain\ExternalLink_Roo_Jpa_Entity.aj
C:\M4\code\boardgame-webmaster\src\main\java\org\m4\bgw\domain\ExternalLink_Roo_ToString.aj
C:\M4\code\boardgame-webmaster\src\main\java\org\m4\bgw\domain\GameDesigner.java
C:\M4\code\boardgame-webmaster\src\main\java\org\m4\bgw\domain\GameDesigner_Roo_Configurable.aj
C:\M4\code\boardgame-webmaster\src\main\java\org\m4\bgw\domain\GameDesigner_Roo_DbManaged.aj
C:\M4\code\boardgame-webmaster\src\main\java\org\m4\bgw\domain\GameDesigner_Roo_Jpa_ActiveRecord.aj
C:\M4\code\boardgame-webmaster\src\main\java\org\m4\bgw\domain\GameDesigner_Roo_Jpa_Entity.aj
C:\M4\code\boardgame-webmaster\src\main\java\org\m4\bgw\domain\GameDesigner_Roo_ToString.aj
C:\M4\code\boardgame-webmaster\src\main\java\org\m4\bgw\domain\GameTable.java
C:\M4\code\boardgame-webmaster\src\main\java\org\m4\bgw\domain\GameTable_Roo_Configurable.aj
C:\M4\code\boardgame-webmaster\src\main\java\org\m4\bgw\domain\GameTable_Roo_DbManaged.aj
C:\M4\code\boardgame-webmaster\src\main\java\org\m4\bgw\domain\GameTable_Roo_Jpa_ActiveRecord.aj
C:\M4\code\boardgame-webmaster\src\main\java\org\m4\bgw\domain\GameTable_Roo_Jpa_Entity.aj
C:\M4\code\boardgame-webmaster\src\main\java\org\m4\bgw\domain\GameTable_Roo_ToString.aj
C:\M4\code\boardgame-webmaster\src\main\java\org\m4\bgw\domain\GameTag.java
C:\M4\code\boardgame-webmaster\src\main\java\org\m4\bgw\domain\GameTag_Roo_Configurable.aj
C:\M4\code\boardgame-webmaster\src\main\java\org\m4\bgw\domain\GameTag_Roo_DbManaged.aj
C:\M4\code\boardgame-webmaster\src\main\java\org\m4\bgw\domain\GameTag_Roo_Jpa_ActiveRecord.aj
C:\M4\code\boardgame-webmaster\src\main\java\org\m4\bgw\domain\GameTag_Roo_Jpa_Entity.aj
C:\M4\code\boardgame-webmaster\src\main\java\org\m4\bgw\domain\GameTag_Roo_ToString.aj
C:\M4\code\boardgame-webmaster\src\main\java\org\m4\bgw\domain\GameTranslation.java
C:\M4\code\boardgame-webmaster\src\main\java\org\m4\bgw\domain\GameTranslationPK.java
C:\M4\code\boardgame-webmaster\src\main\java\org\m4\bgw\domain\GameTranslationPK_Roo_Configurable.aj
C:\M4\code\boardgame-webmaster\src\main\java\org\m4\bgw\domain\GameTranslationPK_Roo_Identifier.aj
C:\M4\code\boardgame-webmaster\src\main\java\org\m4\bgw\domain\GameTranslationPK_Roo_Json.aj
C:\M4\code\boardgame-webmaster\src\main\java\org\m4\bgw\domain\GameTranslationPK_Roo_Serializable.aj
C:\M4\code\boardgame-webmaster\src\main\java\org\m4\bgw\domain\GameTranslation_Roo_Configurable.aj
C:\M4\code\boardgame-webmaster\src\main\java\org\m4\bgw\domain\GameTranslation_Roo_DbManaged.aj
C:\M4\code\boardgame-webmaster\src\main\java\org\m4\bgw\domain\GameTranslation_Roo_Jpa_ActiveRecord.aj
C:\M4\code\boardgame-webmaster\src\main\java\org\m4\bgw\domain\GameTranslation_Roo_Jpa_Entity.aj
C:\M4\code\boardgame-webmaster\src\main\java\org\m4\bgw\domain\GameTranslation_Roo_ToString.aj
C:\M4\code\boardgame-webmaster\src\main\java\org\m4\bgw\domain\Gender.java
C:\M4\code\boardgame-webmaster\src\main\java\org\m4\bgw\domain\Gender_Roo_Configurable.aj
C:\M4\code\boardgame-webmaster\src\main\java\org\m4\bgw\domain\Gender_Roo_DbManaged.aj
C:\M4\code\boardgame-webmaster\src\main\java\org\m4\bgw\domain\Gender_Roo_Jpa_ActiveRecord.aj
C:\M4\code\boardgame-webmaster\src\main\java\org\m4\bgw\domain\Gender_Roo_Jpa_Entity.aj
C:\M4\code\boardgame-webmaster\src\main\java\org\m4\bgw\domain\Gender_Roo_ToString.aj
C:\M4\code\boardgame-webmaster\src\main\java\org\m4\bgw\domain\LevelTranslation.java
C:\M4\code\boardgame-webmaster\src\main\java\org\m4\bgw\domain\LevelTranslationPK.java
C:\M4\code\boardgame-webmaster\src\main\java\org\m4\bgw\domain\LevelTranslationPK_Roo_Configurable.aj
C:\M4\code\boardgame-webmaster\src\main\java\org\m4\bgw\domain\LevelTranslationPK_Roo_Identifier.aj
C:\M4\code\boardgame-webmaster\src\main\java\org\m4\bgw\domain\LevelTranslationPK_Roo_Json.aj
C:\M4\code\boardgame-webmaster\src\main\java\org\m4\bgw\domain\LevelTranslationPK_Roo_Serializable.aj
C:\M4\code\boardgame-webmaster\src\main\java\org\m4\bgw\domain\LevelTranslation_Roo_Configurable.aj
C:\M4\code\boardgame-webmaster\src\main\java\org\m4\bgw\domain\LevelTranslation_Roo_DbManaged.aj
C:\M4\code\boardgame-webmaster\src\main\java\org\m4\bgw\domain\LevelTranslation_Roo_Jpa_ActiveRecord.aj
C:\M4\code\boardgame-webmaster\src\main\java\org\m4\bgw\domain\LevelTranslation_Roo_Jpa_Entity.aj
C:\M4\code\boardgame-webmaster\src\main\java\org\m4\bgw\domain\LevelTranslation_Roo_ToString.aj
C:\M4\code\boardgame-webmaster\src\main\java\org\m4\bgw\domain\Played.java
C:\M4\code\boardgame-webmaster\src\main\java\org\m4\bgw\domain\PlayedPK.java
C:\M4\code\boardgame-webmaster\src\main\java\org\m4\bgw\domain\PlayedPK_Roo_Configurable.aj
C:\M4\code\boardgame-webmaster\src\main\java\org\m4\bgw\domain\PlayedPK_Roo_Identifier.aj
C:\M4\code\boardgame-webmaster\src\main\java\org\m4\bgw\domain\PlayedPK_Roo_Json.aj
C:\M4\code\boardgame-webmaster\src\main\java\org\m4\bgw\domain\PlayedPK_Roo_Serializable.aj
C:\M4\code\boardgame-webmaster\src\main\java\org\m4\bgw\domain\Played_Roo_Configurable.aj
C:\M4\code\boardgame-webmaster\src\main\java\org\m4\bgw\domain\Played_Roo_DbManaged.aj
C:\M4\code\boardgame-webmaster\src\main\java\org\m4\bgw\domain\Played_Roo_Jpa_ActiveRecord.aj
C:\M4\code\boardgame-webmaster\src\main\java\org\m4\bgw\domain\Played_Roo_Jpa_Entity.aj
C:\M4\code\boardgame-webmaster\src\main\java\org\m4\bgw\domain\Played_Roo_ToString.aj
C:\M4\code\boardgame-webmaster\src\main\java\org\m4\bgw\domain\Player.java
C:\M4\code\boardgame-webmaster\src\main\java\org\m4\bgw\domain\Player_Roo_Configurable.aj
C:\M4\code\boardgame-webmaster\src\main\java\org\m4\bgw\domain\Player_Roo_DbManaged.aj
C:\M4\code\boardgame-webmaster\src\main\java\org\m4\bgw\domain\Player_Roo_Jpa_ActiveRecord.aj
C:\M4\code\boardgame-webmaster\src\main\java\org\m4\bgw\domain\Player_Roo_Jpa_Entity.aj
C:\M4\code\boardgame-webmaster\src\main\java\org\m4\bgw\domain\Player_Roo_ToString.aj
C:\M4\code\boardgame-webmaster\src\main\java\org\m4\bgw\domain\Publisher.java
C:\M4\code\boardgame-webmaster\src\main\java\org\m4\bgw\domain\Publisher_Roo_Configurable.aj
C:\M4\code\boardgame-webmaster\src\main\java\org\m4\bgw\domain\Publisher_Roo_DbManaged.aj
C:\M4\code\boardgame-webmaster\src\main\java\org\m4\bgw\domain\Publisher_Roo_Jpa_ActiveRecord.aj
C:\M4\code\boardgame-webmaster\src\main\java\org\m4\bgw\domain\Publisher_Roo_Jpa_Entity.aj
C:\M4\code\boardgame-webmaster\src\main\java\org\m4\bgw\domain\Publisher_Roo_ToString.aj
C:\M4\code\boardgame-webmaster\src\main\java\org\m4\bgw\domain\TagTranslation.java
C:\M4\code\boardgame-webmaster\src\main\java\org\m4\bgw\domain\TagTranslationPK.java
C:\M4\code\boardgame-webmaster\src\main\java\org\m4\bgw\domain\TagTranslationPK_Roo_Configurable.aj
C:\M4\code\boardgame-webmaster\src\main\java\org\m4\bgw\domain\TagTranslationPK_Roo_Identifier.aj
C:\M4\code\boardgame-webmaster\src\main\java\org\m4\bgw\domain\TagTranslationPK_Roo_Json.aj
C:\M4\code\boardgame-webmaster\src\main\java\org\m4\bgw\domain\TagTranslationPK_Roo_Serializable.aj
C:\M4\code\boardgame-webmaster\src\main\java\org\m4\bgw\domain\TagTranslation_Roo_Configurable.aj
C:\M4\code\boardgame-webmaster\src\main\java\org\m4\bgw\domain\TagTranslation_Roo_DbManaged.aj
C:\M4\code\boardgame-webmaster\src\main\java\org\m4\bgw\domain\TagTranslation_Roo_Jpa_ActiveRecord.aj
C:\M4\code\boardgame-webmaster\src\main\java\org\m4\bgw\domain\TagTranslation_Roo_Jpa_Entity.aj
C:\M4\code\boardgame-webmaster\src\main\java\org\m4\bgw\domain\TagTranslation_Roo_ToString.aj
C:\M4\code\boardgame-webmaster\src\main\java\org\m4\bgw\domain\TimeLimit.java
C:\M4\code\boardgame-webmaster\src\main\java\org\m4\bgw\domain\TimeLimit_Roo_Configurable.aj
C:\M4\code\boardgame-webmaster\src\main\java\org\m4\bgw\domain\TimeLimit_Roo_DbManaged.aj
C:\M4\code\boardgame-webmaster\src\main\java\org\m4\bgw\domain\TimeLimit_Roo_Jpa_ActiveRecord.aj
C:\M4\code\boardgame-webmaster\src\main\java\org\m4\bgw\domain\TimeLimit_Roo_Jpa_Entity.aj
C:\M4\code\boardgame-webmaster\src\main\java\org\m4\bgw\domain\TimeLimit_Roo_ToString.aj
C:\M4\code\boardgame-webmaster\src\main\java\org\m4\bgw\domain\UserLevel.java
C:\M4\code\boardgame-webmaster\src\main\java\org\m4\bgw\domain\UserLevel_Roo_Configurable.aj
C:\M4\code\boardgame-webmaster\src\main\java\org\m4\bgw\domain\UserLevel_Roo_DbManaged.aj
C:\M4\code\boardgame-webmaster\src\main\java\org\m4\bgw\domain\UserLevel_Roo_Jpa_ActiveRecord.aj
C:\M4\code\boardgame-webmaster\src\main\java\org\m4\bgw\domain\UserLevel_Roo_Jpa_Entity.aj
C:\M4\code\boardgame-webmaster\src\main\java\org\m4\bgw\domain\UserLevel_Roo_ToString.aj
C:\M4\code\boardgame-webmaster\src\main\java\org\m4\bgw\Language.java
C:\M4\code\boardgame-webmaster\src\main\java\org\m4\bgw\Language_Roo_Configurable.aj
C:\M4\code\boardgame-webmaster\src\main\java\org\m4\bgw\Language_Roo_DbManaged.aj
C:\M4\code\boardgame-webmaster\src\main\java\org\m4\bgw\Language_Roo_Jpa_ActiveRecord.aj
C:\M4\code\boardgame-webmaster\src\main\java\org\m4\bgw\Language_Roo_Jpa_Entity.aj
C:\M4\code\boardgame-webmaster\src\main\java\org\m4\bgw\Language_Roo_ToString.aj
C:\M4\code\boardgame-webmaster\src\main\java\org\m4\bgw\web\AchievedController.java
C:\M4\code\boardgame-webmaster\src\main\java\org\m4\bgw\web\AchievedController_Roo_Controller.aj
C:\M4\code\boardgame-webmaster\src\main\java\org\m4\bgw\web\AchievementController.java
C:\M4\code\boardgame-webmaster\src\main\java\org\m4\bgw\web\AchievementController_Roo_Controller.aj
C:\M4\code\boardgame-webmaster\src\main\java\org\m4\bgw\web\AchievementTranslationController.java
C:\M4\code\boardgame-webmaster\src\main\java\org\m4\bgw\web\AchievementTranslationController_Roo_Controller.aj
C:\M4\code\boardgame-webmaster\src\main\java\org\m4\bgw\web\AvgGameLengthController.java
C:\M4\code\boardgame-webmaster\src\main\java\org\m4\bgw\web\AvgGameLengthController_Roo_Controller.aj
C:\M4\code\boardgame-webmaster\src\main\java\org\m4\bgw\web\BoardgameController.java
C:\M4\code\boardgame-webmaster\src\main\java\org\m4\bgw\web\BoardgameController_Roo_Controller.aj
C:\M4\code\boardgame-webmaster\src\main\java\org\m4\bgw\web\CountryController.java
C:\M4\code\boardgame-webmaster\src\main\java\org\m4\bgw\web\CountryController_Roo_Controller.aj
C:\M4\code\boardgame-webmaster\src\main\java\org\m4\bgw\web\ExternalLinkController.java
C:\M4\code\boardgame-webmaster\src\main\java\org\m4\bgw\web\ExternalLinkController_Roo_Controller.aj
C:\M4\code\boardgame-webmaster\src\main\java\org\m4\bgw\web\GameDesignerController.java
C:\M4\code\boardgame-webmaster\src\main\java\org\m4\bgw\web\GameDesignerController_Roo_Controller.aj
C:\M4\code\boardgame-webmaster\src\main\java\org\m4\bgw\web\GameTableController.java
C:\M4\code\boardgame-webmaster\src\main\java\org\m4\bgw\web\GameTableController_Roo_Controller.aj
C:\M4\code\boardgame-webmaster\src\main\java\org\m4\bgw\web\GameTagController.java
C:\M4\code\boardgame-webmaster\src\main\java\org\m4\bgw\web\GameTagController_Roo_Controller.aj
C:\M4\code\boardgame-webmaster\src\main\java\org\m4\bgw\web\GameTranslationController.java
C:\M4\code\boardgame-webmaster\src\main\java\org\m4\bgw\web\GameTranslationController_Roo_Controller.aj
C:\M4\code\boardgame-webmaster\src\main\java\org\m4\bgw\web\GenderController.java
C:\M4\code\boardgame-webmaster\src\main\java\org\m4\bgw\web\GenderController_Roo_Controller.aj
C:\M4\code\boardgame-webmaster\src\main\java\org\m4\bgw\web\LanguageController.java
C:\M4\code\boardgame-webmaster\src\main\java\org\m4\bgw\web\LanguageController_Roo_Controller.aj
C:\M4\code\boardgame-webmaster\src\main\java\org\m4\bgw\web\LevelTranslationController.java
C:\M4\code\boardgame-webmaster\src\main\java\org\m4\bgw\web\LevelTranslationController_Roo_Controller.aj
C:\M4\code\boardgame-webmaster\src\main\java\org\m4\bgw\web\PlayedController.java
C:\M4\code\boardgame-webmaster\src\main\java\org\m4\bgw\web\PlayedController_Roo_Controller.aj
C:\M4\code\boardgame-webmaster\src\main\java\org\m4\bgw\web\PlayerController.java
C:\M4\code\boardgame-webmaster\src\main\java\org\m4\bgw\web\PlayerController_Roo_Controller.aj
C:\M4\code\boardgame-webmaster\src\main\java\org\m4\bgw\web\PublisherController.java
C:\M4\code\boardgame-webmaster\src\main\java\org\m4\bgw\web\PublisherController_Roo_Controller.aj
C:\M4\code\boardgame-webmaster\src\main\java\org\m4\bgw\web\TagTranslationController.java
C:\M4\code\boardgame-webmaster\src\main\java\org\m4\bgw\web\TagTranslationController_Roo_Controller.aj
C:\M4\code\boardgame-webmaster\src\main\java\org\m4\bgw\web\TimeLimitController.java
C:\M4\code\boardgame-webmaster\src\main\java\org\m4\bgw\web\TimeLimitController_Roo_Controller.aj
C:\M4\code\boardgame-webmaster\src\main\java\org\m4\bgw\web\UserLevelController.java
C:\M4\code\boardgame-webmaster\src\main\java\org\m4\bgw\web\UserLevelController_Roo_Controller.aj
